2026-06-28 17:58:41,176 [INFO] Initializing pipeline database and telemetry logs...
2026-06-28 17:58:41,188 [INFO] Initialized audit log row (audit_id: 5) for session: 830e3cc8-d795-42d3-8508-1a65e03a16a7
2026-06-28 17:58:41,252 [INFO] Awaiting stream 'credit_applications_stream' activation...
2026-06-28 17:58:41,273 [INFO] Stream 'credit_applications_stream' is active and ready.
2026-06-28 17:58:41,311 [INFO] Active consumer session established. Listening to 1 stream shard(s).
/home/music/GitHub/credit-application-ingestion-engine/src/consumer.py:105: DeprecationWarning: datetime.datetime.utcnow() is deprecated and scheduled for removal in a future version. Use timezone-aware objects to represent datetimes in UTC: datetime.datetime.now(datetime.UTC).
  now = datetime.utcnow()
2026-06-28 17:58:41,364 [WARNING] Pydantic validation failed for record. Errors: 1 validation error for CreditApplicationEvent
declared_income
  Input should be a valid number [type=float_type, input_value=None, input_type=NoneType]
    For further information visit https://errors.pydantic.dev/2.13/v/float_type. Raw: {"application_id": "APP-795698", "customer_id": "CUST-8935", "requested_amount": 11379, "declared_income": null, "customer_age": 20, "timestamp": "2026-06-28T23:57:43.620899"}
/home/music/GitHub/credit-application-ingestion-engine/src/consumer.py:128: DeprecationWarning: datetime.datetime.utcnow() is deprecated and scheduled for removal in a future version. Use timezone-aware objects to represent datetimes in UTC: datetime.datetime.now(datetime.UTC).
  "failed_at": datetime.utcnow().isoformat()
2026-06-28 17:58:41,384 [WARNING] Pydantic validation failed for record. Errors: 1 validation error for CreditApplicationEvent
requested_amount
  Value error, requested_amount must be strictly positive [type=value_error, input_value=-5000, input_type=int]
    For further information visit https://errors.pydantic.dev/2.13/v/value_error. Raw: {"application_id": "APP-928060", "customer_id": "CUST-2641", "requested_amount": -5000, "declared_income": 80002, "customer_age": 47, "timestamp": "2026-06-28T23:57:53.569032"}
2026-06-28 17:58:41,386 [WARNING] Pydantic validation failed for record. Errors: 1 validation error for CreditApplicationEvent
requested_amount
  Value error, requested_amount must be strictly positive [type=value_error, input_value=-5000, input_type=int]
    For further information visit https://errors.pydantic.dev/2.13/v/value_error. Raw: {"application_id": "APP-548269", "customer_id": "CUST-4048", "requested_amount": -5000, "declared_income": 73728, "customer_age": 65, "timestamp": "2026-06-28T23:57:55.523991"}
2026-06-28 17:58:41,483 [WARNING] Pydantic validation failed for record. Errors: 1 validation error for CreditApplicationEvent
requested_amount
  Value error, requested_amount must be strictly positive [type=value_error, input_value=-5000, input_type=int]
    For further information visit https://errors.pydantic.dev/2.13/v/value_error. Raw: {"application_id": "APP-276654", "customer_id": "CUST-1606", "requested_amount": -5000, "declared_income": 37504, "customer_age": 31, "timestamp": "2026-06-28T23:58:37.977083"}
2026-06-28 17:58:41,495 [WARNING] Pydantic validation failed for record. Errors: 1 validation error for CreditApplicationEvent
requested_amount
  Value error, requested_amount must be strictly positive [type=value_error, input_value=-5000, input_type=int]
    For further information visit https://errors.pydantic.dev/2.13/v/value_error. Raw: {"application_id": "APP-432817", "customer_id": "CUST-2425", "requested_amount": -5000, "declared_income": 64404, "customer_age": 35, "timestamp": "2026-06-28T23:58:41.221416"}
2026-06-28 17:58:46,790 [WARNING] Pydantic validation failed for record. Errors: 1 validation error for CreditApplicationEvent
declared_income
  Input should be a valid number [type=float_type, input_value=None, input_type=NoneType]
    For further information visit https://errors.pydantic.dev/2.13/v/float_type. Raw: {"application_id": "APP-778088", "customer_id": "CUST-5861", "requested_amount": 34963, "declared_income": null, "customer_age": 61, "timestamp": "2026-06-28T23:58:46.199356"}
2026-06-28 17:58:52,103 [INFO] Updated audit log status to RUNNING (Processed: 63, Rejected: 6)
2026-06-28 17:58:56,375 [WARNING] Pydantic validation failed for record. Errors: 1 validation error for CreditApplicationEvent
requested_amount
  Value error, requested_amount must be strictly positive [type=value_error, input_value=-5000, input_type=int]
    For further information visit https://errors.pydantic.dev/2.13/v/value_error. Raw: {"application_id": "APP-578183", "customer_id": "CUST-5468", "requested_amount": -5000, "declared_income": 47732, "customer_age": 45, "timestamp": "2026-06-28T23:58:55.745790"}
2026-06-28 17:59:01,563 [WARNING] Pydantic validation failed for record. Errors: 1 validation error for CreditApplicationEvent
declared_income
  Input should be a valid number [type=float_type, input_value=None, input_type=NoneType]
    For further information visit https://errors.pydantic.dev/2.13/v/float_type. Raw: {"application_id": "APP-785053", "customer_id": "CUST-8967", "requested_amount": 24445, "declared_income": null, "customer_age": 34, "timestamp": "2026-06-28T23:59:01.163121"}
2026-06-28 17:59:02,596 [INFO] Updated audit log status to RUNNING (Processed: 75, Rejected: 8)
2026-06-28 17:59:03,636 [WARNING] Pydantic validation failed for record. Errors: 1 validation error for CreditApplicationEvent
requested_amount
  Value error, requested_amount must be strictly positive [type=value_error, input_value=-5000, input_type=int]
    For further information visit https://errors.pydantic.dev/2.13/v/value_error. Raw: {"application_id": "APP-490601", "customer_id": "CUST-2152", "requested_amount": -5000, "declared_income": 74674, "customer_age": 38, "timestamp": "2026-06-28T23:59:02.964148"}
2026-06-28 17:59:12,120 [WARNING] Pydantic validation failed for record. Errors: 1 validation error for CreditApplicationEvent
requested_amount
  Value error, requested_amount must be strictly positive [type=value_error, input_value=-5000, input_type=int]
    For further information visit https://errors.pydantic.dev/2.13/v/value_error. Raw: {"application_id": "APP-178120", "customer_id": "CUST-8608", "requested_amount": -5000, "declared_income": 56076, "customer_age": 41, "timestamp": "2026-06-28T23:59:11.309751"}
2026-06-28 17:59:13,173 [INFO] Updated audit log status to RUNNING (Processed: 91, Rejected: 10)
2026-06-28 17:59:23,780 [INFO] Updated audit log status to RUNNING (Processed: 105, Rejected: 10)
2026-06-28 17:59:27,950 [WARNING] Pydantic validation failed for record. Errors: 1 validation error for CreditApplicationEvent
requested_amount
  Value error, requested_amount must be strictly positive [type=value_error, input_value=-5000, input_type=int]
    For further information visit https://errors.pydantic.dev/2.13/v/value_error. Raw: {"application_id": "APP-689675", "customer_id": "CUST-2965", "requested_amount": -5000, "declared_income": 50105, "customer_age": 32, "timestamp": "2026-06-28T23:59:26.976676"}
2026-06-28 17:59:29,005 [WARNING] Pydantic validation failed for record. Errors: 1 validation error for CreditApplicationEvent
requested_amount
  Value error, requested_amount must be strictly positive [type=value_error, input_value=-5000, input_type=int]
    For further information visit https://errors.pydantic.dev/2.13/v/value_error. Raw: {"application_id": "APP-280917", "customer_id": "CUST-9628", "requested_amount": -5000, "declared_income": 72942, "customer_age": 59, "timestamp": "2026-06-28T23:59:28.283567"}
2026-06-28 17:59:34,302 [INFO] Updated audit log status to RUNNING (Processed: 119, Rejected: 12)
2026-06-28 17:59:35,342 [WARNING] Pydantic validation failed for record. Errors: 1 validation error for CreditApplicationEvent
requested_amount
  Value error, requested_amount must be strictly positive [type=value_error, input_value=-5000, input_type=int]
    For further information visit https://errors.pydantic.dev/2.13/v/value_error. Raw: {"application_id": "APP-823160", "customer_id": "CUST-7240", "requested_amount": -5000, "declared_income": 21856, "customer_age": 19, "timestamp": "2026-06-28T23:59:34.606773"}
2026-06-28 17:59:41,633 [WARNING] Pydantic validation failed for record. Errors: 1 validation error for CreditApplicationEvent
requested_amount
  Value error, requested_amount must be strictly positive [type=value_error, input_value=-5000, input_type=int]
    For further information visit https://errors.pydantic.dev/2.13/v/value_error. Raw: {"application_id": "APP-754687", "customer_id": "CUST-2362", "requested_amount": -5000, "declared_income": 17045, "customer_age": 57, "timestamp": "2026-06-28T23:59:40.841335"}
2026-06-28 17:59:44,819 [INFO] Updated audit log status to RUNNING (Processed: 133, Rejected: 14)
2026-06-28 17:59:49,003 [WARNING] Pydantic validation failed for record. Errors: 1 validation error for CreditApplicationEvent
requested_amount
  Value error, requested_amount must be strictly positive [type=value_error, input_value=-5000, input_type=int]
    For further information visit https://errors.pydantic.dev/2.13/v/value_error. Raw: {"application_id": "APP-930456", "customer_id": "CUST-5598", "requested_amount": -5000, "declared_income": 15113, "customer_age": 40, "timestamp": "2026-06-28T23:59:48.923100"}
2026-06-28 17:59:55,274 [INFO] Updated audit log status to RUNNING (Processed: 146, Rejected: 15)
2026-06-28 18:00:01,533 [WARNING] Pydantic validation failed for record. Errors: 1 validation error for CreditApplicationEvent
requested_amount
  Value error, requested_amount must be strictly positive [type=value_error, input_value=-5000, input_type=int]
    For further information visit https://errors.pydantic.dev/2.13/v/value_error. Raw: {"application_id": "APP-523149", "customer_id": "CUST-5080", "requested_amount": -5000, "declared_income": 44536, "customer_age": 44, "timestamp": "2026-06-29T00:00:00.702329"}
2026-06-28 18:00:05,739 [INFO] Updated audit log status to RUNNING (Processed: 158, Rejected: 16)
2026-06-28 18:00:07,837 [WARNING] Pydantic validation failed for record. Errors: 1 validation error for CreditApplicationEvent
requested_amount
  Value error, requested_amount must be strictly positive [type=value_error, input_value=-5000, input_type=int]
    For further information visit https://errors.pydantic.dev/2.13/v/value_error. Raw: {"application_id": "APP-623600", "customer_id": "CUST-5814", "requested_amount": -5000, "declared_income": 41131, "customer_age": 60, "timestamp": "2026-06-29T00:00:06.903238"}
2026-06-28 18:00:16,255 [INFO] Updated audit log status to RUNNING (Processed: 169, Rejected: 17)
2026-06-28 18:00:18,402 [WARNING] Pydantic validation failed for record. Errors: 1 validation error for CreditApplicationEvent
declared_income
  Input should be a valid number [type=float_type, input_value=None, input_type=NoneType]
    For further information visit https://errors.pydantic.dev/2.13/v/float_type. Raw: {"application_id": "APP-266287", "customer_id": "CUST-8128", "requested_amount": 23264, "declared_income": null, "customer_age": 49, "timestamp": "2026-06-29T00:00:18.344799"}
2026-06-28 18:00:20,484 [WARNING] Pydantic validation failed for record. Errors: 1 validation error for CreditApplicationEvent
requested_amount
  Value error, requested_amount must be strictly positive [type=value_error, input_value=-5000, input_type=int]
    For further information visit https://errors.pydantic.dev/2.13/v/value_error. Raw: {"application_id": "APP-726306", "customer_id": "CUST-6597", "requested_amount": -5000, "declared_income": 57861, "customer_age": 31, "timestamp": "2026-06-29T00:00:20.169562"}
2026-06-28 18:00:26,797 [WARNING] Pydantic validation failed for record. Errors: 1 validation error for CreditApplicationEvent
declared_income
  Input should be a valid number [type=float_type, input_value=None, input_type=NoneType]
    For further information visit https://errors.pydantic.dev/2.13/v/float_type. Raw: {"application_id": "APP-182120", "customer_id": "CUST-8576", "requested_amount": 49359, "declared_income": null, "customer_age": 56, "timestamp": "2026-06-29T00:00:26.517292"}
2026-06-28 18:00:26,805 [INFO] Updated audit log status to RUNNING (Processed: 182, Rejected: 20)
2026-06-28 18:00:27,843 [WARNING] Pydantic validation failed for record. Errors: 1 validation error for CreditApplicationEvent
requested_amount
  Value error, requested_amount must be strictly positive [type=value_error, input_value=-5000, input_type=int]
    For further information visit https://errors.pydantic.dev/2.13/v/value_error. Raw: {"application_id": "APP-989388", "customer_id": "CUST-8228", "requested_amount": -5000, "declared_income": 34884, "customer_age": 21, "timestamp": "2026-06-29T00:00:27.118725"}
2026-06-28 18:00:29,942 [WARNING] Pydantic validation failed for record. Errors: 1 validation error for CreditApplicationEvent
requested_amount
  Value error, requested_amount must be strictly positive [type=value_error, input_value=-5000, input_type=int]
    For further information visit https://errors.pydantic.dev/2.13/v/value_error. Raw: {"application_id": "APP-569189", "customer_id": "CUST-7829", "requested_amount": -5000, "declared_income": 47058, "customer_age": 38, "timestamp": "2026-06-29T00:00:29.318320"}
2026-06-28 18:00:30,989 [WARNING] Pydantic validation failed for record. Errors: 1 validation error for CreditApplicationEvent
declared_income
  Input should be a valid number [type=float_type, input_value=None, input_type=NoneType]
    For further information visit https://errors.pydantic.dev/2.13/v/float_type. Raw: {"application_id": "APP-467860", "customer_id": "CUST-4191", "requested_amount": 17926, "declared_income": null, "customer_age": 31, "timestamp": "2026-06-29T00:00:29.962029"}
2026-06-28 18:00:30,994 [WARNING] Pydantic validation failed for record. Errors: 1 validation error for CreditApplicationEvent
declared_income
  Input should be a valid number [type=float_type, input_value=None, input_type=NoneType]
    For further information visit https://errors.pydantic.dev/2.13/v/float_type. Raw: {"application_id": "APP-995444", "customer_id": "CUST-1565", "requested_amount": 39428, "declared_income": null, "customer_age": 19, "timestamp": "2026-06-29T00:00:30.492621"}
2026-06-28 18:00:37,254 [INFO] Updated audit log status to RUNNING (Processed: 195, Rejected: 24)
2026-06-28 18:00:47,965 [WARNING] Pydantic validation failed for record. Errors: 1 validation error for CreditApplicationEvent
declared_income
  Input should be a valid number [type=float_type, input_value=None, input_type=NoneType]
    For further information visit https://errors.pydantic.dev/2.13/v/float_type. Raw: {"application_id": "APP-429247", "customer_id": "CUST-6190", "requested_amount": 33830, "declared_income": null, "customer_age": 53, "timestamp": "2026-06-29T00:00:47.886026"}
2026-06-28 18:00:47,969 [INFO] Updated audit log status to RUNNING (Processed: 212, Rejected: 25)
2026-06-28 18:00:58,721 [INFO] Updated audit log status to RUNNING (Processed: 236, Rejected: 25)
2026-06-28 18:00:59,767 [WARNING] Pydantic validation failed for record. Errors: 1 validation error for CreditApplicationEvent
requested_amount
  Value error, requested_amount must be strictly positive [type=value_error, input_value=-5000, input_type=int]
    For further information visit https://errors.pydantic.dev/2.13/v/value_error. Raw: {"application_id": "APP-333851", "customer_id": "CUST-9775", "requested_amount": -5000, "declared_income": 28864, "customer_age": 26, "timestamp": "2026-06-29T00:00:59.666665"}
2026-06-28 18:01:01,856 [WARNING] Pydantic validation failed for record. Errors: 1 validation error for CreditApplicationEvent
requested_amount
  Value error, requested_amount must be strictly positive [type=value_error, input_value=-5000, input_type=int]
    For further information visit https://errors.pydantic.dev/2.13/v/value_error. Raw: {"application_id": "APP-333851", "customer_id": "CUST-9775", "requested_amount": -5000, "declared_income": 28864, "customer_age": 26, "timestamp": "2026-06-29T00:00:59.666665"}
2026-06-28 18:01:02,882 [WARNING] Pydantic validation failed for record. Errors: 1 validation error for CreditApplicationEvent
declared_income
  Input should be a valid number [type=float_type, input_value=None, input_type=NoneType]
    For further information visit https://errors.pydantic.dev/2.13/v/float_type. Raw: {"application_id": "APP-560011", "customer_id": "CUST-6072", "requested_amount": 27202, "declared_income": null, "customer_age": 23, "timestamp": "2026-06-29T00:01:02.740361"}
2026-06-28 18:01:09,160 [INFO] Updated audit log status to RUNNING (Processed: 256, Rejected: 28)
2026-06-28 18:01:10,186 [WARNING] Pydantic validation failed for record. Errors: 1 validation error for CreditApplicationEvent
declared_income
  Input should be a valid number [type=float_type, input_value=None, input_type=NoneType]
    For further information visit https://errors.pydantic.dev/2.13/v/float_type. Raw: {"application_id": "APP-494421", "customer_id": "CUST-3614", "requested_amount": 23944, "declared_income": null, "customer_age": 28, "timestamp": "2026-06-29T00:01:09.184645"}
2026-06-28 18:01:10,190 [WARNING] Pydantic validation failed for record. Errors: 1 validation error for CreditApplicationEvent
requested_amount
  Value error, requested_amount must be strictly positive [type=value_error, input_value=-5000, input_type=int]
    For further information visit https://errors.pydantic.dev/2.13/v/value_error. Raw: {"application_id": "APP-126949", "customer_id": "CUST-3372", "requested_amount": -5000, "declared_income": 43995, "customer_age": 40, "timestamp": "2026-06-29T00:01:09.480187"}
2026-06-28 18:01:11,231 [WARNING] Pydantic validation failed for record. Errors: 1 validation error for CreditApplicationEvent
declared_income
  Input should be a valid number [type=float_type, input_value=None, input_type=NoneType]
    For further information visit https://errors.pydantic.dev/2.13/v/float_type. Raw: {"application_id": "APP-921925", "customer_id": "CUST-5728", "requested_amount": 49466, "declared_income": null, "customer_age": 59, "timestamp": "2026-06-29T00:01:10.523855"}
2026-06-28 18:01:13,307 [WARNING] Pydantic validation failed for record. Errors: 1 validation error for CreditApplicationEvent
requested_amount
  Value error, requested_amount must be strictly positive [type=value_error, input_value=-5000, input_type=int]
    For further information visit https://errors.pydantic.dev/2.13/v/value_error. Raw: {"application_id": "APP-422346", "customer_id": "CUST-3491", "requested_amount": -5000, "declared_income": 32485, "customer_age": 53, "timestamp": "2026-06-29T00:01:12.669463"}
2026-06-28 18:01:14,396 [WARNING] Pydantic validation failed for record. Errors: 1 validation error for CreditApplicationEvent
declared_income
  Input should be a valid number [type=float_type, input_value=None, input_type=NoneType]
    For further information visit https://errors.pydantic.dev/2.13/v/float_type. Raw: {"application_id": "APP-330576", "customer_id": "CUST-1698", "requested_amount": 35887, "declared_income": null, "customer_age": 22, "timestamp": "2026-06-29T00:01:13.825201"}
2026-06-28 18:01:16,542 [WARNING] Pydantic validation failed for record. Errors: 1 validation error for CreditApplicationEvent
requested_amount
  Value error, requested_amount must be strictly positive [type=value_error, input_value=-5000, input_type=int]
    For further information visit https://errors.pydantic.dev/2.13/v/value_error. Raw: {"application_id": "APP-458514", "customer_id": "CUST-8697", "requested_amount": -5000, "declared_income": 80577, "customer_age": 38, "timestamp": "2026-06-29T00:01:16.297879"}
2026-06-28 18:01:18,726 [WARNING] Pydantic validation failed for record. Errors: 1 validation error for CreditApplicationEvent
requested_amount
  Value error, requested_amount must be strictly positive [type=value_error, input_value=-5000, input_type=int]
    For further information visit https://errors.pydantic.dev/2.13/v/value_error. Raw: {"application_id": "APP-747740", "customer_id": "CUST-5499", "requested_amount": -5000, "declared_income": 55577, "customer_age": 24, "timestamp": "2026-06-29T00:01:18.642729"}
2026-06-28 18:01:19,801 [INFO] Updated audit log status to RUNNING (Processed: 275, Rejected: 35)
2026-06-28 18:01:29,362 [WARNING] Pydantic validation failed for record. Errors: 1 validation error for CreditApplicationEvent
requested_amount
  Value error, requested_amount must be strictly positive [type=value_error, input_value=-5000, input_type=int]
    For further information visit https://errors.pydantic.dev/2.13/v/value_error. Raw: {"application_id": "APP-245257", "customer_id": "CUST-2348", "requested_amount": -5000, "declared_income": 79694, "customer_age": 50, "timestamp": "2026-06-29T00:01:28.625141"}
2026-06-28 18:01:30,410 [INFO] Updated audit log status to RUNNING (Processed: 300, Rejected: 36)
2026-06-28 18:01:33,609 [WARNING] Pydantic validation failed for record. Errors: 1 validation error for CreditApplicationEvent
declared_income
  Input should be a valid number [type=float_type, input_value=None, input_type=NoneType]
    For further information visit https://errors.pydantic.dev/2.13/v/float_type. Raw: {"application_id": "APP-236846", "customer_id": "CUST-7894", "requested_amount": 11846, "declared_income": null, "customer_age": 32, "timestamp": "2026-06-29T00:01:32.783279"}
2026-06-28 18:01:35,703 [WARNING] Pydantic validation failed for record. Errors: 1 validation error for CreditApplicationEvent
declared_income
  Input should be a valid number [type=float_type, input_value=None, input_type=NoneType]
    For further information visit https://errors.pydantic.dev/2.13/v/float_type. Raw: {"application_id": "APP-626466", "customer_id": "CUST-3077", "requested_amount": 7572, "declared_income": null, "customer_age": 53, "timestamp": "2026-06-29T00:01:34.733729"}
2026-06-28 18:01:35,711 [WARNING] Pydantic validation failed for record. Errors: 1 validation error for CreditApplicationEvent
declared_income
  Input should be a valid number [type=float_type, input_value=None, input_type=NoneType]
    For further information visit https://errors.pydantic.dev/2.13/v/float_type. Raw: {"application_id": "APP-228689", "customer_id": "CUST-5947", "requested_amount": 48757, "declared_income": null, "customer_age": 21, "timestamp": "2026-06-29T00:01:35.097961"}
2026-06-28 18:01:36,800 [WARNING] Pydantic validation failed for record. Errors: 1 validation error for CreditApplicationEvent
declared_income
  Input should be a valid number [type=float_type, input_value=None, input_type=NoneType]
    For further information visit https://errors.pydantic.dev/2.13/v/float_type. Raw: {"application_id": "APP-662547", "customer_id": "CUST-5851", "requested_amount": 39395, "declared_income": null, "customer_age": 64, "timestamp": "2026-06-29T00:01:36.701079"}
2026-06-28 18:01:38,883 [WARNING] Pydantic validation failed for record. Errors: 1 validation error for CreditApplicationEvent
declared_income
  Input should be a valid number [type=float_type, input_value=None, input_type=NoneType]
    For further information visit https://errors.pydantic.dev/2.13/v/float_type. Raw: {"application_id": "APP-921019", "customer_id": "CUST-2364", "requested_amount": 24359, "declared_income": null, "customer_age": 58, "timestamp": "2026-06-29T00:01:38.065806"}
2026-06-28 18:01:39,936 [WARNING] Pydantic validation failed for record. Errors: 1 validation error for CreditApplicationEvent
requested_amount
  Value error, requested_amount must be strictly positive [type=value_error, input_value=-5000, input_type=int]
    For further information visit https://errors.pydantic.dev/2.13/v/value_error. Raw: {"application_id": "APP-322166", "customer_id": "CUST-8529", "requested_amount": -5000, "declared_income": 62855, "customer_age": 19, "timestamp": "2026-06-29T00:01:39.772521"}
2026-06-28 18:01:40,984 [INFO] Updated audit log status to RUNNING (Processed: 320, Rejected: 42)
2026-06-28 18:01:43,086 [WARNING] Pydantic validation failed for record. Errors: 1 validation error for CreditApplicationEvent
requested_amount
  Value error, requested_amount must be strictly positive [type=value_error, input_value=-5000, input_type=int]
    For further information visit https://errors.pydantic.dev/2.13/v/value_error. Raw: {"application_id": "APP-265410", "customer_id": "CUST-8194", "requested_amount": -5000, "declared_income": 51340, "customer_age": 41, "timestamp": "2026-06-29T00:01:42.851289"}
2026-06-28 18:01:50,469 [WARNING] Pydantic validation failed for record. Errors: 1 validation error for CreditApplicationEvent
requested_amount
  Value error, requested_amount must be strictly positive [type=value_error, input_value=-5000, input_type=int]
    For further information visit https://errors.pydantic.dev/2.13/v/value_error. Raw: {"application_id": "APP-358303", "customer_id": "CUST-7608", "requested_amount": -5000, "declared_income": 83395, "customer_age": 48, "timestamp": "2026-06-29T00:01:49.440659"}
2026-06-28 18:01:51,520 [INFO] Updated audit log status to RUNNING (Processed: 342, Rejected: 44)
2026-06-28 18:01:53,607 [WARNING] Pydantic validation failed for record. Errors: 1 validation error for CreditApplicationEvent
declared_income
  Input should be a valid number [type=float_type, input_value=None, input_type=NoneType]
    For further information visit https://errors.pydantic.dev/2.13/v/float_type. Raw: {"application_id": "APP-959390", "customer_id": "CUST-7003", "requested_amount": 20902, "declared_income": null, "customer_age": 47, "timestamp": "2026-06-29T00:01:52.600873"}
2026-06-28 18:02:02,086 [INFO] Updated audit log status to RUNNING (Processed: 365, Rejected: 45)
2026-06-28 18:02:03,114 [WARNING] Pydantic validation failed for record. Errors: 1 validation error for CreditApplicationEvent
declared_income
  Input should be a valid number [type=float_type, input_value=None, input_type=NoneType]
    For further information visit https://errors.pydantic.dev/2.13/v/float_type. Raw: {"application_id": "APP-493377", "customer_id": "CUST-1766", "requested_amount": 15877, "declared_income": null, "customer_age": 21, "timestamp": "2026-06-29T00:02:02.538303"}
2026-06-28 18:02:04,178 [WARNING] Pydantic validation failed for record. Errors: 1 validation error for CreditApplicationEvent
requested_amount
  Value error, requested_amount must be strictly positive [type=value_error, input_value=-5000, input_type=int]
    For further information visit https://errors.pydantic.dev/2.13/v/value_error. Raw: {"application_id": "APP-435555", "customer_id": "CUST-9429", "requested_amount": -5000, "declared_income": 22745, "customer_age": 26, "timestamp": "2026-06-29T00:02:04.105181"}
2026-06-28 18:02:12,626 [INFO] Updated audit log status to RUNNING (Processed: 383, Rejected: 47)
2026-06-28 18:02:21,141 [WARNING] Pydantic validation failed for record. Errors: 1 validation error for CreditApplicationEvent
requested_amount
  Value error, requested_amount must be strictly positive [type=value_error, input_value=-5000, input_type=int]
    For further information visit https://errors.pydantic.dev/2.13/v/value_error. Raw: {"application_id": "APP-386907", "customer_id": "CUST-5922", "requested_amount": -5000, "declared_income": 73725, "customer_age": 53, "timestamp": "2026-06-29T00:02:20.291501"}
2026-06-28 18:02:22,224 [WARNING] Pydantic validation failed for record. Errors: 1 validation error for CreditApplicationEvent
declared_income
  Input should be a valid number [type=float_type, input_value=None, input_type=NoneType]
    For further information visit https://errors.pydantic.dev/2.13/v/float_type. Raw: {"application_id": "APP-897454", "customer_id": "CUST-8579", "requested_amount": 33609, "declared_income": null, "customer_age": 62, "timestamp": "2026-06-29T00:02:21.944022"}
2026-06-28 18:02:23,295 [INFO] Updated audit log status to RUNNING (Processed: 405, Rejected: 49)
2026-06-28 18:02:27,482 [WARNING] Pydantic validation failed for record. Errors: 1 validation error for CreditApplicationEvent
requested_amount
  Value error, requested_amount must be strictly positive [type=value_error, input_value=-5000, input_type=int]
    For further information visit https://errors.pydantic.dev/2.13/v/value_error. Raw: {"application_id": "APP-401775", "customer_id": "CUST-4058", "requested_amount": -5000, "declared_income": 65779, "customer_age": 46, "timestamp": "2026-06-29T00:02:27.283856"}
2026-06-28 18:02:29,571 [WARNING] Pydantic validation failed for record. Errors: 1 validation error for CreditApplicationEvent
declared_income
  Input should be a valid number [type=float_type, input_value=None, input_type=NoneType]
    For further information visit https://errors.pydantic.dev/2.13/v/float_type. Raw: {"application_id": "APP-319766", "customer_id": "CUST-3474", "requested_amount": 19909, "declared_income": null, "customer_age": 60, "timestamp": "2026-06-29T00:02:28.902329"}
2026-06-28 18:02:33,799 [INFO] Updated audit log status to RUNNING (Processed: 423, Rejected: 51)
2026-06-28 18:02:41,190 [WARNING] Pydantic validation failed for record. Errors: 1 validation error for CreditApplicationEvent
requested_amount
  Value error, requested_amount must be strictly positive [type=value_error, input_value=-5000, input_type=int]
    For further information visit https://errors.pydantic.dev/2.13/v/value_error. Raw: {"application_id": "APP-180401", "customer_id": "CUST-6866", "requested_amount": -5000, "declared_income": 42807, "customer_age": 28, "timestamp": "2026-06-29T00:02:40.927701"}
2026-06-28 18:02:44,369 [INFO] Updated audit log status to RUNNING (Processed: 444, Rejected: 52)
2026-06-28 18:02:47,523 [WARNING] Pydantic validation failed for record. Errors: 1 validation error for CreditApplicationEvent
requested_amount
  Value error, requested_amount must be strictly positive [type=value_error, input_value=-5000, input_type=int]
    For further information visit https://errors.pydantic.dev/2.13/v/value_error. Raw: {"application_id": "APP-484240", "customer_id": "CUST-2791", "requested_amount": -5000, "declared_income": 81622, "customer_age": 25, "timestamp": "2026-06-29T00:02:46.500742"}
2026-06-28 18:02:47,531 [WARNING] Pydantic validation failed for record. Errors: 1 validation error for CreditApplicationEvent
requested_amount
  Value error, requested_amount must be strictly positive [type=value_error, input_value=-5000, input_type=int]
    For further information visit https://errors.pydantic.dev/2.13/v/value_error. Raw: {"application_id": "APP-355426", "customer_id": "CUST-6793", "requested_amount": -5000, "declared_income": 72394, "customer_age": 34, "timestamp": "2026-06-29T00:02:47.497308"}
2026-06-28 18:02:50,693 [WARNING] Pydantic validation failed for record. Errors: 1 validation error for CreditApplicationEvent
requested_amount
  Value error, requested_amount must be strictly positive [type=value_error, input_value=-5000, input_type=int]
    For further information visit https://errors.pydantic.dev/2.13/v/value_error. Raw: {"application_id": "APP-276709", "customer_id": "CUST-3185", "requested_amount": -5000, "declared_income": 57838, "customer_age": 48, "timestamp": "2026-06-29T00:02:50.402308"}
2026-06-28 18:02:52,805 [WARNING] Pydantic validation failed for record. Errors: 1 validation error for CreditApplicationEvent
requested_amount
  Value error, requested_amount must be strictly positive [type=value_error, input_value=-5000, input_type=int]
    For further information visit https://errors.pydantic.dev/2.13/v/value_error. Raw: {"application_id": "APP-701055", "customer_id": "CUST-7570", "requested_amount": -5000, "declared_income": 35222, "customer_age": 38, "timestamp": "2026-06-29T00:02:52.398223"}
2026-06-28 18:02:54,943 [WARNING] Pydantic validation failed for record. Errors: 1 validation error for CreditApplicationEvent
declared_income
  Input should be a valid number [type=float_type, input_value=None, input_type=NoneType]
    For further information visit https://errors.pydantic.dev/2.13/v/float_type. Raw: {"application_id": "APP-163397", "customer_id": "CUST-2444", "requested_amount": 6463, "declared_income": null, "customer_age": 53, "timestamp": "2026-06-29T00:02:54.765705"}
2026-06-28 18:02:54,947 [INFO] Updated audit log status to RUNNING (Processed: 464, Rejected: 57)
2026-06-28 18:02:57,046 [WARNING] Pydantic validation failed for record. Errors: 1 validation error for CreditApplicationEvent
declared_income
  Input should be a valid number [type=float_type, input_value=None, input_type=NoneType]
    For further information visit https://errors.pydantic.dev/2.13/v/float_type. Raw: {"application_id": "APP-373337", "customer_id": "CUST-4585", "requested_amount": 14027, "declared_income": null, "customer_age": 51, "timestamp": "2026-06-29T00:02:56.508251"}
2026-06-28 18:03:00,240 [WARNING] Pydantic validation failed for record. Errors: 1 validation error for CreditApplicationEvent
requested_amount
  Value error, requested_amount must be strictly positive [type=value_error, input_value=-5000, input_type=int]
    For further information visit https://errors.pydantic.dev/2.13/v/value_error. Raw: {"application_id": "APP-829145", "customer_id": "CUST-9236", "requested_amount": -5000, "declared_income": 44088, "customer_age": 27, "timestamp": "2026-06-29T00:02:59.473696"}
2026-06-28 18:03:05,557 [INFO] Updated audit log status to RUNNING (Processed: 487, Rejected: 59)
2026-06-28 18:03:06,598 [WARNING] Pydantic validation failed for record. Errors: 1 validation error for CreditApplicationEvent
requested_amount
  Value error, requested_amount must be strictly positive [type=value_error, input_value=-5000, input_type=int]
    For further information visit https://errors.pydantic.dev/2.13/v/value_error. Raw: {"application_id": "APP-259316", "customer_id": "CUST-8610", "requested_amount": -5000, "declared_income": 32693, "customer_age": 57, "timestamp": "2026-06-29T00:03:06.198406"}
2026-06-28 18:03:16,164 [INFO] Updated audit log status to RUNNING (Processed: 508, Rejected: 60)
2026-06-28 18:03:17,218 [WARNING] Pydantic validation failed for record. Errors: 1 validation error for CreditApplicationEvent
declared_income
  Input should be a valid number [type=float_type, input_value=None, input_type=NoneType]
    For further information visit https://errors.pydantic.dev/2.13/v/float_type. Raw: {"application_id": "APP-194705", "customer_id": "CUST-6117", "requested_amount": 14865, "declared_income": null, "customer_age": 43, "timestamp": "2026-06-29T00:03:16.604883"}
2026-06-28 18:03:19,306 [WARNING] Pydantic validation failed for record. Errors: 1 validation error for CreditApplicationEvent
declared_income
  Input should be a valid number [type=float_type, input_value=None, input_type=NoneType]
    For further information visit https://errors.pydantic.dev/2.13/v/float_type. Raw: {"application_id": "APP-157946", "customer_id": "CUST-9915", "requested_amount": 17804, "declared_income": null, "customer_age": 18, "timestamp": "2026-06-29T00:03:18.355651"}
2026-06-28 18:03:19,340 [WARNING] Pydantic validation failed for record. Errors: 1 validation error for CreditApplicationEvent
declared_income
  Input should be a valid number [type=float_type, input_value=None, input_type=NoneType]
    For further information visit https://errors.pydantic.dev/2.13/v/float_type. Raw: {"application_id": "APP-767105", "customer_id": "CUST-6486", "requested_amount": 48720, "declared_income": null, "customer_age": 29, "timestamp": "2026-06-29T00:03:19.176312"}
2026-06-28 18:03:20,408 [WARNING] Pydantic validation failed for record. Errors: 1 validation error for CreditApplicationEvent
requested_amount
  Value error, requested_amount must be strictly positive [type=value_error, input_value=-5000, input_type=int]
    For further information visit https://errors.pydantic.dev/2.13/v/value_error. Raw: {"application_id": "APP-488928", "customer_id": "CUST-9448", "requested_amount": -5000, "declared_income": 77905, "customer_age": 35, "timestamp": "2026-06-29T00:03:19.555288"}
2026-06-28 18:03:25,705 [WARNING] Pydantic validation failed for record. Errors: 1 validation error for CreditApplicationEvent
declared_income
  Input should be a valid number [type=float_type, input_value=None, input_type=NoneType]
    For further information visit https://errors.pydantic.dev/2.13/v/float_type. Raw: {"application_id": "APP-259849", "customer_id": "CUST-4454", "requested_amount": 38792, "declared_income": null, "customer_age": 63, "timestamp": "2026-06-29T00:03:25.087273"}
2026-06-28 18:03:26,740 [WARNING] Pydantic validation failed for record. Errors: 1 validation error for CreditApplicationEvent
declared_income
  Input should be a valid number [type=float_type, input_value=None, input_type=NoneType]
    For further information visit https://errors.pydantic.dev/2.13/v/float_type. Raw: {"application_id": "APP-109680", "customer_id": "CUST-2754", "requested_amount": 6273, "declared_income": null, "customer_age": 23, "timestamp": "2026-06-29T00:03:25.730213"}
2026-06-28 18:03:26,753 [WARNING] Pydantic validation failed for record. Errors: 1 validation error for CreditApplicationEvent
requested_amount
  Value error, requested_amount must be strictly positive [type=value_error, input_value=-5000, input_type=int]
    For further information visit https://errors.pydantic.dev/2.13/v/value_error. Raw: {"application_id": "APP-589838", "customer_id": "CUST-7193", "requested_amount": -5000, "declared_income": 81164, "customer_age": 48, "timestamp": "2026-06-29T00:03:26.356014"}
2026-06-28 18:03:26,756 [WARNING] Pydantic validation failed for record. Errors: 1 validation error for CreditApplicationEvent
requested_amount
  Value error, requested_amount must be strictly positive [type=value_error, input_value=-5000, input_type=int]
    For further information visit https://errors.pydantic.dev/2.13/v/value_error. Raw: {"application_id": "APP-981139", "customer_id": "CUST-7688", "requested_amount": -5000, "declared_income": 52174, "customer_age": 52, "timestamp": "2026-06-29T00:03:26.649477"}
2026-06-28 18:03:26,759 [INFO] Updated audit log status to RUNNING (Processed: 524, Rejected: 68)
2026-06-28 18:03:32,050 [WARNING] Pydantic validation failed for record. Errors: 1 validation error for CreditApplicationEvent
requested_amount
  Value error, requested_amount must be strictly positive [type=value_error, input_value=-5000, input_type=int]
    For further information visit https://errors.pydantic.dev/2.13/v/value_error. Raw: {"application_id": "APP-895853", "customer_id": "CUST-8048", "requested_amount": -5000, "declared_income": 52799, "customer_age": 49, "timestamp": "2026-06-29T00:03:31.590506"}
2026-06-28 18:03:36,336 [WARNING] Pydantic validation failed for record. Errors: 1 validation error for CreditApplicationEvent
declared_income
  Input should be a valid number [type=float_type, input_value=None, input_type=NoneType]
    For further information visit https://errors.pydantic.dev/2.13/v/float_type. Raw: {"application_id": "APP-988129", "customer_id": "CUST-5840", "requested_amount": 15759, "declared_income": null, "customer_age": 38, "timestamp": "2026-06-29T00:03:35.834634"}
2026-06-28 18:03:37,444 [WARNING] Pydantic validation failed for record. Errors: 1 validation error for CreditApplicationEvent
declared_income
  Input should be a valid number [type=float_type, input_value=None, input_type=NoneType]
    For further information visit https://errors.pydantic.dev/2.13/v/float_type. Raw: {"application_id": "APP-680775", "customer_id": "CUST-4505", "requested_amount": 18382, "declared_income": null, "customer_age": 54, "timestamp": "2026-06-29T00:03:36.639017"}
2026-06-28 18:03:37,464 [INFO] Updated audit log status to RUNNING (Processed: 546, Rejected: 71)
2026-06-28 18:03:39,561 [WARNING] Pydantic validation failed for record. Errors: 1 validation error for CreditApplicationEvent
declared_income
  Input should be a valid number [type=float_type, input_value=None, input_type=NoneType]
    For further information visit https://errors.pydantic.dev/2.13/v/float_type. Raw: {"application_id": "APP-138154", "customer_id": "CUST-6038", "requested_amount": 9301, "declared_income": null, "customer_age": 37, "timestamp": "2026-06-29T00:03:39.256750"}
2026-06-28 18:03:41,677 [WARNING] Pydantic validation failed for record. Errors: 1 validation error for CreditApplicationEvent
requested_amount
  Value error, requested_amount must be strictly positive [type=value_error, input_value=-5000, input_type=int]
    For further information visit https://errors.pydantic.dev/2.13/v/value_error. Raw: {"application_id": "APP-883230", "customer_id": "CUST-2571", "requested_amount": -5000, "declared_income": 24966, "customer_age": 44, "timestamp": "2026-06-29T00:03:41.287935"}
2026-06-28 18:03:44,849 [WARNING] Pydantic validation failed for record. Errors: 1 validation error for CreditApplicationEvent
declared_income
  Input should be a valid number [type=float_type, input_value=None, input_type=NoneType]
    For further information visit https://errors.pydantic.dev/2.13/v/float_type. Raw: {"application_id": "APP-597773", "customer_id": "CUST-6955", "requested_amount": 22784, "declared_income": null, "customer_age": 57, "timestamp": "2026-06-29T00:03:44.411516"}
2026-06-28 18:03:48,054 [INFO] Updated audit log status to RUNNING (Processed: 568, Rejected: 74)
2026-06-28 18:03:49,107 [WARNING] Pydantic validation failed for record. Errors: 1 validation error for CreditApplicationEvent
declared_income
  Input should be a valid number [type=float_type, input_value=None, input_type=NoneType]
    For further information visit https://errors.pydantic.dev/2.13/v/float_type. Raw: {"application_id": "APP-985826", "customer_id": "CUST-2042", "requested_amount": 9603, "declared_income": null, "customer_age": 23, "timestamp": "2026-06-29T00:03:48.422156"}
2026-06-28 18:03:58,689 [INFO] Updated audit log status to RUNNING (Processed: 587, Rejected: 75)
2026-06-28 18:03:59,731 [WARNING] Pydantic validation failed for record. Errors: 1 validation error for CreditApplicationEvent
declared_income
  Input should be a valid number [type=float_type, input_value=None, input_type=NoneType]
    For further information visit https://errors.pydantic.dev/2.13/v/float_type. Raw: {"application_id": "APP-877661", "customer_id": "CUST-7060", "requested_amount": 30363, "declared_income": null, "customer_age": 18, "timestamp": "2026-06-29T00:03:58.779392"}
2026-06-28 18:04:03,978 [WARNING] Pydantic validation failed for record. Errors: 1 validation error for CreditApplicationEvent
declared_income
  Input should be a valid number [type=float_type, input_value=None, input_type=NoneType]
    For further information visit https://errors.pydantic.dev/2.13/v/float_type. Raw: {"application_id": "APP-918014", "customer_id": "CUST-4564", "requested_amount": 21624, "declared_income": null, "customer_age": 35, "timestamp": "2026-06-29T00:04:03.914009"}
2026-06-28 18:04:09,269 [INFO] Updated audit log status to RUNNING (Processed: 613, Rejected: 77)
2026-06-28 18:04:15,595 [WARNING] Pydantic validation failed for record. Errors: 1 validation error for CreditApplicationEvent
requested_amount
  Value error, requested_amount must be strictly positive [type=value_error, input_value=-5000, input_type=int]
    For further information visit https://errors.pydantic.dev/2.13/v/value_error. Raw: {"application_id": "APP-506454", "customer_id": "CUST-8076", "requested_amount": -5000, "declared_income": 71641, "customer_age": 57, "timestamp": "2026-06-29T00:04:15.121786"}
2026-06-28 18:04:19,902 [INFO] Updated audit log status to RUNNING (Processed: 637, Rejected: 78)
2026-06-28 18:04:23,050 [WARNING] Pydantic validation failed for record. Errors: 1 validation error for CreditApplicationEvent
declared_income
  Input should be a valid number [type=float_type, input_value=None, input_type=NoneType]
    For further information visit https://errors.pydantic.dev/2.13/v/float_type. Raw: {"application_id": "APP-430380", "customer_id": "CUST-3263", "requested_amount": 43840, "declared_income": null, "customer_age": 24, "timestamp": "2026-06-29T00:04:22.458954"}
2026-06-28 18:04:24,094 [WARNING] Pydantic validation failed for record. Errors: 1 validation error for CreditApplicationEvent
requested_amount
  Value error, requested_amount must be strictly positive [type=value_error, input_value=-5000, input_type=int]
    For further information visit https://errors.pydantic.dev/2.13/v/value_error. Raw: {"application_id": "APP-546735", "customer_id": "CUST-2397", "requested_amount": -5000, "declared_income": 68954, "customer_age": 43, "timestamp": "2026-06-29T00:04:23.359249"}
2026-06-28 18:04:24,105 [WARNING] Pydantic validation failed for record. Errors: 1 validation error for CreditApplicationEvent
declared_income
  Input should be a valid number [type=float_type, input_value=None, input_type=NoneType]
    For further information visit https://errors.pydantic.dev/2.13/v/float_type. Raw: {"application_id": "APP-311741", "customer_id": "CUST-6213", "requested_amount": 11448, "declared_income": null, "customer_age": 62, "timestamp": "2026-06-29T00:04:23.957528"}
2026-06-28 18:04:30,513 [INFO] Updated audit log status to RUNNING (Processed: 659, Rejected: 81)
2026-06-28 18:04:37,944 [WARNING] Pydantic validation failed for record. Errors: 1 validation error for CreditApplicationEvent
requested_amount
  Value error, requested_amount must be strictly positive [type=value_error, input_value=-5000, input_type=int]
    For further information visit https://errors.pydantic.dev/2.13/v/value_error. Raw: {"application_id": "APP-141353", "customer_id": "CUST-6821", "requested_amount": -5000, "declared_income": 75196, "customer_age": 64, "timestamp": "2026-06-29T00:04:37.575493"}
2026-06-28 18:04:40,180 [WARNING] Pydantic validation failed for record. Errors: 1 validation error for CreditApplicationEvent
requested_amount
  Value error, requested_amount must be strictly positive [type=value_error, input_value=-5000, input_type=int]
    For further information visit https://errors.pydantic.dev/2.13/v/value_error. Raw: {"application_id": "APP-282865", "customer_id": "CUST-4989", "requested_amount": -5000, "declared_income": 20006, "customer_age": 45, "timestamp": "2026-06-29T00:04:39.970068"}
2026-06-28 18:04:41,237 [INFO] Updated audit log status to RUNNING (Processed: 685, Rejected: 83)
2026-06-28 18:04:43,373 [WARNING] Pydantic validation failed for record. Errors: 1 validation error for CreditApplicationEvent
declared_income
  Input should be a valid number [type=float_type, input_value=None, input_type=NoneType]
    For further information visit https://errors.pydantic.dev/2.13/v/float_type. Raw: {"application_id": "APP-957575", "customer_id": "CUST-5749", "requested_amount": 22269, "declared_income": null, "customer_age": 44, "timestamp": "2026-06-29T00:04:42.407234"}
2026-06-28 18:04:46,624 [WARNING] Pydantic validation failed for record. Errors: 1 validation error for CreditApplicationEvent
declared_income
  Input should be a valid number [type=float_type, input_value=None, input_type=NoneType]
    For further information visit https://errors.pydantic.dev/2.13/v/float_type. Raw: {"application_id": "APP-860016", "customer_id": "CUST-3983", "requested_amount": 39236, "declared_income": null, "customer_age": 20, "timestamp": "2026-06-29T00:04:45.603775"}
2026-06-28 18:04:47,697 [WARNING] Pydantic validation failed for record. Errors: 1 validation error for CreditApplicationEvent
declared_income
  Input should be a valid number [type=float_type, input_value=None, input_type=NoneType]
    For further information visit https://errors.pydantic.dev/2.13/v/float_type. Raw: {"application_id": "APP-365852", "customer_id": "CUST-2809", "requested_amount": 21175, "declared_income": null, "customer_age": 63, "timestamp": "2026-06-29T00:04:46.761540"}
2026-06-28 18:04:51,906 [INFO] Updated audit log status to RUNNING (Processed: 706, Rejected: 86)
2026-06-28 18:05:02,544 [INFO] Updated audit log status to RUNNING (Processed: 730, Rejected: 86)
2026-06-28 18:05:04,656 [WARNING] Pydantic validation failed for record. Errors: 1 validation error for CreditApplicationEvent
requested_amount
  Value error, requested_amount must be strictly positive [type=value_error, input_value=-5000, input_type=int]
    For further information visit https://errors.pydantic.dev/2.13/v/value_error. Raw: {"application_id": "APP-312425", "customer_id": "CUST-8957", "requested_amount": -5000, "declared_income": 38460, "customer_age": 23, "timestamp": "2026-06-29T00:05:03.748288"}
2026-06-28 18:05:04,661 [WARNING] Pydantic validation failed for record. Errors: 1 validation error for CreditApplicationEvent
requested_amount
  Value error, requested_amount must be strictly positive [type=value_error, input_value=-5000, input_type=int]
    For further information visit https://errors.pydantic.dev/2.13/v/value_error. Raw: {"application_id": "APP-835003", "customer_id": "CUST-4019", "requested_amount": -5000, "declared_income": 38145, "customer_age": 34, "timestamp": "2026-06-29T00:05:04.365321"}
2026-06-28 18:05:13,069 [WARNING] Pydantic validation failed for record. Errors: 1 validation error for CreditApplicationEvent
requested_amount
  Value error, requested_amount must be strictly positive [type=value_error, input_value=-5000, input_type=int]
    For further information visit https://errors.pydantic.dev/2.13/v/value_error. Raw: {"application_id": "APP-845885", "customer_id": "CUST-3082", "requested_amount": -5000, "declared_income": 80293, "customer_age": 40, "timestamp": "2026-06-29T00:05:13.023538"}
2026-06-28 18:05:13,072 [INFO] Updated audit log status to RUNNING (Processed: 751, Rejected: 89)
2026-06-28 18:05:16,216 [WARNING] Pydantic validation failed for record. Errors: 1 validation error for CreditApplicationEvent
declared_income
  Input should be a valid number [type=float_type, input_value=None, input_type=NoneType]
    For further information visit https://errors.pydantic.dev/2.13/v/float_type. Raw: {"application_id": "APP-530382", "customer_id": "CUST-7835", "requested_amount": 30147, "declared_income": null, "customer_age": 34, "timestamp": "2026-06-29T00:05:15.565173"}
2026-06-28 18:05:23,567 [INFO] Updated audit log status to RUNNING (Processed: 772, Rejected: 90)
2026-06-28 18:05:25,690 [WARNING] Pydantic validation failed for record. Errors: 1 validation error for CreditApplicationEvent
requested_amount
  Value error, requested_amount must be strictly positive [type=value_error, input_value=-5000, input_type=int]
    For further information visit https://errors.pydantic.dev/2.13/v/value_error. Raw: {"application_id": "APP-447046", "customer_id": "CUST-5393", "requested_amount": -5000, "declared_income": 54448, "customer_age": 19, "timestamp": "2026-06-29T00:05:25.540357"}
2026-06-28 18:05:28,853 [WARNING] Pydantic validation failed for record. Errors: 1 validation error for CreditApplicationEvent
requested_amount
  Value error, requested_amount must be strictly positive [type=value_error, input_value=-5000, input_type=int]
    For further information visit https://errors.pydantic.dev/2.13/v/value_error. Raw: {"application_id": "APP-840638", "customer_id": "CUST-2070", "requested_amount": -5000, "declared_income": 21588, "customer_age": 32, "timestamp": "2026-06-29T00:05:28.686322"}
2026-06-28 18:05:34,274 [INFO] Updated audit log status to RUNNING (Processed: 794, Rejected: 92)
2026-06-28 18:05:35,337 [WARNING] Pydantic validation failed for record. Errors: 1 validation error for CreditApplicationEvent
requested_amount
  Value error, requested_amount must be strictly positive [type=value_error, input_value=-5000, input_type=int]
    For further information visit https://errors.pydantic.dev/2.13/v/value_error. Raw: {"application_id": "APP-521608", "customer_id": "CUST-2644", "requested_amount": -5000, "declared_income": 48096, "customer_age": 56, "timestamp": "2026-06-29T00:05:35.124156"}
2026-06-28 18:05:36,409 [WARNING] Pydantic validation failed for record. Errors: 1 validation error for CreditApplicationEvent
requested_amount
  Value error, requested_amount must be strictly positive [type=value_error, input_value=-5000, input_type=int]
    For further information visit https://errors.pydantic.dev/2.13/v/value_error. Raw: {"application_id": "APP-182927", "customer_id": "CUST-2801", "requested_amount": -5000, "declared_income": 49595, "customer_age": 62, "timestamp": "2026-06-29T00:05:36.319676"}
2026-06-28 18:05:37,462 [WARNING] Pydantic validation failed for record. Errors: 1 validation error for CreditApplicationEvent
declared_income
  Input should be a valid number [type=float_type, input_value=None, input_type=NoneType]
    For further information visit https://errors.pydantic.dev/2.13/v/float_type. Raw: {"application_id": "APP-530583", "customer_id": "CUST-7450", "requested_amount": 23547, "declared_income": null, "customer_age": 43, "timestamp": "2026-06-29T00:05:36.833612"}
2026-06-28 18:05:43,821 [WARNING] Pydantic validation failed for record. Errors: 1 validation error for CreditApplicationEvent
declared_income
  Input should be a valid number [type=float_type, input_value=None, input_type=NoneType]
    For further information visit https://errors.pydantic.dev/2.13/v/float_type. Raw: {"application_id": "APP-426862", "customer_id": "CUST-5416", "requested_amount": 15426, "declared_income": null, "customer_age": 34, "timestamp": "2026-06-29T00:05:43.475771"}
2026-06-28 18:05:44,867 [INFO] Updated audit log status to RUNNING (Processed: 813, Rejected: 96)
2026-06-28 18:05:45,915 [WARNING] Pydantic validation failed for record. Errors: 1 validation error for CreditApplicationEvent
declared_income
  Input should be a valid number [type=float_type, input_value=None, input_type=NoneType]
    For further information visit https://errors.pydantic.dev/2.13/v/float_type. Raw: {"application_id": "APP-246531", "customer_id": "CUST-7187", "requested_amount": 15048, "declared_income": null, "customer_age": 39, "timestamp": "2026-06-29T00:05:45.582611"}
2026-06-28 18:05:48,037 [WARNING] Pydantic validation failed for record. Errors: 1 validation error for CreditApplicationEvent
requested_amount
  Value error, requested_amount must be strictly positive [type=value_error, input_value=-5000, input_type=int]
    For further information visit https://errors.pydantic.dev/2.13/v/value_error. Raw: {"application_id": "APP-498645", "customer_id": "CUST-9395", "requested_amount": -5000, "declared_income": 65205, "customer_age": 55, "timestamp": "2026-06-29T00:05:47.265255"}
2026-06-28 18:05:51,223 [WARNING] Pydantic validation failed for record. Errors: 1 validation error for CreditApplicationEvent
declared_income
  Input should be a valid number [type=float_type, input_value=None, input_type=NoneType]
    For further information visit https://errors.pydantic.dev/2.13/v/float_type. Raw: {"application_id": "APP-499173", "customer_id": "CUST-3700", "requested_amount": 40761, "declared_income": null, "customer_age": 57, "timestamp": "2026-06-29T00:05:51.036093"}
2026-06-28 18:05:54,429 [WARNING] Pydantic validation failed for record. Errors: 1 validation error for CreditApplicationEvent
declared_income
  Input should be a valid number [type=float_type, input_value=None, input_type=NoneType]
    For further information visit https://errors.pydantic.dev/2.13/v/float_type. Raw: {"application_id": "APP-499173", "customer_id": "CUST-3700", "requested_amount": 40761, "declared_income": null, "customer_age": 57, "timestamp": "2026-06-29T00:05:51.036093"}
2026-06-28 18:05:55,535 [INFO] Updated audit log status to RUNNING (Processed: 832, Rejected: 100)
2026-06-28 18:05:57,621 [WARNING] Pydantic validation failed for record. Errors: 1 validation error for CreditApplicationEvent
requested_amount
  Value error, requested_amount must be strictly positive [type=value_error, input_value=-5000, input_type=int]
    For further information visit https://errors.pydantic.dev/2.13/v/value_error. Raw: {"application_id": "APP-238339", "customer_id": "CUST-3743", "requested_amount": -5000, "declared_income": 16110, "customer_age": 31, "timestamp": "2026-06-29T00:05:57.430205"}
2026-06-28 18:05:59,737 [WARNING] Pydantic validation failed for record. Errors: 1 validation error for CreditApplicationEvent
declared_income
  Input should be a valid number [type=float_type, input_value=None, input_type=NoneType]
    For further information visit https://errors.pydantic.dev/2.13/v/float_type. Raw: {"application_id": "APP-313162", "customer_id": "CUST-4536", "requested_amount": 29576, "declared_income": null, "customer_age": 47, "timestamp": "2026-06-29T00:05:59.202780"}
2026-06-28 18:06:02,888 [WARNING] Pydantic validation failed for record. Errors: 1 validation error for CreditApplicationEvent
requested_amount
  Value error, requested_amount must be strictly positive [type=value_error, input_value=-5000, input_type=int]
    For further information visit https://errors.pydantic.dev/2.13/v/value_error. Raw: {"application_id": "APP-164571", "customer_id": "CUST-5746", "requested_amount": -5000, "declared_income": 73829, "customer_age": 38, "timestamp": "2026-06-29T00:06:02.409755"}
2026-06-28 18:06:02,896 [WARNING] Pydantic validation failed for record. Errors: 1 validation error for CreditApplicationEvent
requested_amount
  Value error, requested_amount must be strictly positive [type=value_error, input_value=-5000, input_type=int]
    For further information visit https://errors.pydantic.dev/2.13/v/value_error. Raw: {"application_id": "APP-646991", "customer_id": "CUST-2791", "requested_amount": -5000, "declared_income": 59355, "customer_age": 33, "timestamp": "2026-06-29T00:06:02.551395"}
2026-06-28 18:06:05,047 [WARNING] Pydantic validation failed for record. Errors: 1 validation error for CreditApplicationEvent
requested_amount
  Value error, requested_amount must be strictly positive [type=value_error, input_value=-5000, input_type=int]
    For further information visit https://errors.pydantic.dev/2.13/v/value_error. Raw: {"application_id": "APP-192854", "customer_id": "CUST-5481", "requested_amount": -5000, "declared_income": 47104, "customer_age": 37, "timestamp": "2026-06-29T00:06:04.375395"}
2026-06-28 18:06:06,135 [INFO] Updated audit log status to RUNNING (Processed: 850, Rejected: 105)
2026-06-28 18:06:09,276 [WARNING] Pydantic validation failed for record. Errors: 1 validation error for CreditApplicationEvent
declared_income
  Input should be a valid number [type=float_type, input_value=None, input_type=NoneType]
    For further information visit https://errors.pydantic.dev/2.13/v/float_type. Raw: {"application_id": "APP-282579", "customer_id": "CUST-2381", "requested_amount": 18410, "declared_income": null, "customer_age": 27, "timestamp": "2026-06-29T00:06:08.352975"}
2026-06-28 18:06:09,298 [WARNING] Pydantic validation failed for record. Errors: 1 validation error for CreditApplicationEvent
requested_amount
  Value error, requested_amount must be strictly positive [type=value_error, input_value=-5000, input_type=int]
    For further information visit https://errors.pydantic.dev/2.13/v/value_error. Raw: {"application_id": "APP-810988", "customer_id": "CUST-6746", "requested_amount": -5000, "declared_income": 43659, "customer_age": 59, "timestamp": "2026-06-29T00:06:08.952615"}
2026-06-28 18:06:09,395 [INFO] Termination signal received. Shutting down gracefully...
2026-06-28 18:06:10,327 [INFO] Exiting consumer gracefully. Processed: 856, Rejected: 107
2026-06-28 18:06:10,333 [INFO] Updated audit log status to SUCCESS (Processed: 856, Rejected: 107)
